<?xml version="1.0" encoding="UTF-8"?>
<testsuite xmlns:xsi="http://www.w3.org/2001/XMLSchema-instance" xsi:noNamespaceSchemaLocation="https://maven.apache.org/surefire/maven-surefire-plugin/xsd/surefire-test-report.xsd" name="RadioTest" time="0.024" tests="4" errors="0" skipped="0" failures="0">
  <properties>
[...]
</properties>
  <testcase name="checkNextStation" classname="RadioTest" time="0.017"/>
  <testcase name="shouldIncreaseVolume" classname="RadioTest" time="0"/>
  <testcase name="checkPrevStation" classname="RadioTest" time="0"/>
  <testcase name="shouldDecreaseVolume" classname="RadioTest" time="0.001"/>
</testsuite>